<?xml version="1.0" encoding="UTF-8"?>
<TestRun id="c33a101d-abc0-44c2-b4f4-80341da7b2bf" name="chira@DESKTOP-6C9RJ26 2015-10-25 23:15:11" runUser="DESKTOP-6C9RJ26\chira" xmlns="http://microsoft.com/schemas/VisualStudio/TeamTest/2010">
  <TestSettings name="Local" id="2f6c3318-f323-4fdd-bc70-bf1771bdc9ef">
    <Description>These are default test settings for a local test run.</Description>
    <Deployment enabled="false" runDeploymentRoot="chira_DESKTOP-6C9RJ26 2015-10-25 23_15_11">
      <DeploymentItem filename="D:\git_local\Beta Calculator\Calculator\bin\Debug\Calculator.exe" />
    </Deployment>
    <Execution>
      <TestTypeSpecific />
      <AgentRule name="Execution Agents">
      </AgentRule>
    </Execution>
  </TestSettings>
  <Times creation="2015-10-25T23:15:11.7826671+05:30" queuing="2015-10-25T23:15:11.8139667+05:30" start="2015-10-25T23:15:11.8295454+05:30" finish="2015-10-25T23:15:12.1576817+05:30" />
  <ResultSummary outcome="Completed">
    <Counters total="4" executed="4" passed="4" error="0" failed="0" timeout="0" aborted="0" inconclusive="0" passedButRunAborted="0" notRunnable="0" notExecuted="0" disconnected="0" warning="0" completed="0" inProgress="0" pending="0" />
  </ResultSummary>
  <TestDefinitions>
    <UnitTest name="SubstarctionTest" storage="d:\git_local\beta calculator\calulatorunittests\bin\debug\calulatorunittests.dll" id="c550d116-678b-7688-2618-a49f3a748523">
      <Execution id="2a61da2c-d809-4000-8a8a-77d1eee989cb" />
      <TestMethod codeBase="D:/git_local/Beta Calculator/CalulatorUnitTests/bin/Debug/CalulatorUnitTests.DLL" adapterTypeName="Microsoft.VisualStudio.TestTools.TestTypes.Unit.UnitTestAdapter, Microsoft.VisualStudio.QualityTools.Tips.UnitTest.Adapter, Version=10.0.0.0, Culture=neutral, PublicKeyToken=b03f5f7f11d50a3a" className="CalulatorUnitTests.LogicTest, CalulatorUnitTests, Version=1.0.0.0, Culture=neutral, PublicKeyToken=null" name="SubstarctionTest" />
    </UnitTest>
    <UnitTest name="MultiplicationTest" storage="d:\git_local\beta calculator\calulatorunittests\bin\debug\calulatorunittests.dll" id="a3e73bfa-bb3f-03ea-6577-73cda75a3eb6">
      <Execution id="1b111aca-e49f-4b44-bf97-c66fd3165db0" />
      <TestMethod codeBase="D:/git_local/Beta Calculator/CalulatorUnitTests/bin/Debug/CalulatorUnitTests.DLL" adapterTypeName="Microsoft.VisualStudio.TestTools.TestTypes.Unit.UnitTestAdapter, Microsoft.VisualStudio.QualityTools.Tips.UnitTest.Adapter, Version=10.0.0.0, Culture=neutral, PublicKeyToken=b03f5f7f11d50a3a" className="CalulatorUnitTests.LogicTest, CalulatorUnitTests, Version=1.0.0.0, Culture=neutral, PublicKeyToken=null" name="MultiplicationTest" />
    </UnitTest>
    <UnitTest name="AdditionTest" storage="d:\git_local\beta calculator\calulatorunittests\bin\debug\calulatorunittests.dll" id="ef32a794-3341-06af-41e3-6d4bf242f136">
      <Execution id="b8cddffe-5e07-4e8c-9717-f68ccc5c4df5" />
      <TestMethod codeBase="D:/git_local/Beta Calculator/CalulatorUnitTests/bin/Debug/CalulatorUnitTests.DLL" adapterTypeName="Microsoft.VisualStudio.TestTools.TestTypes.Unit.UnitTestAdapter, Microsoft.VisualStudio.QualityTools.Tips.UnitTest.Adapter, Version=10.0.0.0, Culture=neutral, PublicKeyToken=b03f5f7f11d50a3a" className="CalulatorUnitTests.LogicTest, CalulatorUnitTests, Version=1.0.0.0, Culture=neutral, PublicKeyToken=null" name="AdditionTest" />
    </UnitTest>
    <UnitTest name="DivisionTest" storage="d:\git_local\beta calculator\calulatorunittests\bin\debug\calulatorunittests.dll" id="7355ead3-a3a1-487c-8c2d-2c8199d31321">
      <Execution id="c7f23e37-aea1-4193-a184-1b8251d663eb" />
      <TestMethod codeBase="D:/git_local/Beta Calculator/CalulatorUnitTests/bin/Debug/CalulatorUnitTests.DLL" adapterTypeName="Microsoft.VisualStudio.TestTools.TestTypes.Unit.UnitTestAdapter, Microsoft.VisualStudio.QualityTools.Tips.UnitTest.Adapter, Version=10.0.0.0, Culture=neutral, PublicKeyToken=b03f5f7f11d50a3a" className="CalulatorUnitTests.LogicTest, CalulatorUnitTests, Version=1.0.0.0, Culture=neutral, PublicKeyToken=null" name="DivisionTest" />
    </UnitTest>
  </TestDefinitions>
  <TestLists>
    <TestList name="Results Not in a List" id="8c84fa94-04c1-424b-9868-57a2d4851a1d" />
    <TestList name="All Loaded Results" id="19431567-8539-422a-85d7-44ee4e166bda" />
  </TestLists>
  <TestEntries>
    <TestEntry testId="7355ead3-a3a1-487c-8c2d-2c8199d31321" executionId="c7f23e37-aea1-4193-a184-1b8251d663eb" testListId="8c84fa94-04c1-424b-9868-57a2d4851a1d" />
    <TestEntry testId="a3e73bfa-bb3f-03ea-6577-73cda75a3eb6" executionId="1b111aca-e49f-4b44-bf97-c66fd3165db0" testListId="8c84fa94-04c1-424b-9868-57a2d4851a1d" />
    <TestEntry testId="c550d116-678b-7688-2618-a49f3a748523" executionId="2a61da2c-d809-4000-8a8a-77d1eee989cb" testListId="8c84fa94-04c1-424b-9868-57a2d4851a1d" />
    <TestEntry testId="ef32a794-3341-06af-41e3-6d4bf242f136" executionId="b8cddffe-5e07-4e8c-9717-f68ccc5c4df5" testListId="8c84fa94-04c1-424b-9868-57a2d4851a1d" />
  </TestEntries>
  <Results>
    <UnitTestResult executionId="c7f23e37-aea1-4193-a184-1b8251d663eb" testId="7355ead3-a3a1-487c-8c2d-2c8199d31321" testName="DivisionTest" computerName="DESKTOP-6C9RJ26" duration="00:00:00.0218308" startTime="2015-10-25T23:15:11.8295454+05:30" endTime="2015-10-25T23:15:12.1108048+05:30" testType="13cdc9d9-ddb5-4fa4-a97d-d965ccfc6d4b" outcome="Passed" testListId="8c84fa94-04c1-424b-9868-57a2d4851a1d" relativeResultsDirectory="c7f23e37-aea1-4193-a184-1b8251d663eb">
    </UnitTestResult>
    <UnitTestResult executionId="1b111aca-e49f-4b44-bf97-c66fd3165db0" testId="a3e73bfa-bb3f-03ea-6577-73cda75a3eb6" testName="MultiplicationTest" computerName="DESKTOP-6C9RJ26" duration="00:00:00.0003401" startTime="2015-10-25T23:15:12.1108048+05:30" endTime="2015-10-25T23:15:12.1108048+05:30" testType="13cdc9d9-ddb5-4fa4-a97d-d965ccfc6d4b" outcome="Passed" testListId="8c84fa94-04c1-424b-9868-57a2d4851a1d" relativeResultsDirectory="1b111aca-e49f-4b44-bf97-c66fd3165db0">
    </UnitTestResult>
    <UnitTestResult executionId="2a61da2c-d809-4000-8a8a-77d1eee989cb" testId="c550d116-678b-7688-2618-a49f3a748523" testName="SubstarctionTest" computerName="DESKTOP-6C9RJ26" duration="00:00:00.0003301" startTime="2015-10-25T23:15:12.1264302+05:30" endTime="2015-10-25T23:15:12.1264302+05:30" testType="13cdc9d9-ddb5-4fa4-a97d-d965ccfc6d4b" outcome="Passed" testListId="8c84fa94-04c1-424b-9868-57a2d4851a1d" relativeResultsDirectory="2a61da2c-d809-4000-8a8a-77d1eee989cb">
    </UnitTestResult>
    <UnitTestResult executionId="b8cddffe-5e07-4e8c-9717-f68ccc5c4df5" testId="ef32a794-3341-06af-41e3-6d4bf242f136" testName="AdditionTest" computerName="DESKTOP-6C9RJ26" duration="00:00:00.0003292" startTime="2015-10-25T23:15:12.1264302+05:30" endTime="2015-10-25T23:15:12.1264302+05:30" testType="13cdc9d9-ddb5-4fa4-a97d-d965ccfc6d4b" outcome="Passed" testListId="8c84fa94-04c1-424b-9868-57a2d4851a1d" relativeResultsDirectory="b8cddffe-5e07-4e8c-9717-f68ccc5c4df5">
    </UnitTestResult>
  </Results>
</TestRun>