<?xml version="1.0" encoding="UTF-8"?>
<TestRun id="d96bd223-c81a-4828-a5a0-6fad29bb659e" name="chira@DESKTOP-6C9RJ26 2015-10-31 02:33:38" runUser="DESKTOP-6C9RJ26\chira" xmlns="http://microsoft.com/schemas/VisualStudio/TeamTest/2010">
  <TestSettings name="Local" id="2f6c3318-f323-4fdd-bc70-bf1771bdc9ef">
    <Description>These are default test settings for a local test run.</Description>
    <Deployment enabled="false" runDeploymentRoot="chira_DESKTOP-6C9RJ26 2015-10-31 02_33_38">
      <DeploymentItem filename="D:\git_local\Beta Calculator\Calculator\bin\Debug\Calculator.exe" />
    </Deployment>
    <Execution>
      <TestTypeSpecific />
      <AgentRule name="Execution Agents">
      </AgentRule>
    </Execution>
  </TestSettings>
  <Times creation="2015-10-31T02:33:38.7507021+05:30" queuing="2015-10-31T02:33:41.8104865+05:30" start="2015-10-31T02:33:42.0096650+05:30" finish="2015-10-31T02:33:43.4719767+05:30" />
  <ResultSummary outcome="Failed">
    <Counters total="4" executed="4" passed="3" error="0" failed="1" timeout="0" aborted="0" inconclusive="0" passedButRunAborted="0" notRunnable="0" notExecuted="0" disconnected="0" warning="0" completed="0" inProgress="0" pending="0" />
  </ResultSummary>
  <TestDefinitions>
    <UnitTest name="SubstarctionTest" storage="d:\git_local\beta calculator\calulatorunittests\bin\debug\calulatorunittests.dll" id="c550d116-678b-7688-2618-a49f3a748523">
      <Execution id="8cf53d9b-92cc-471c-9cdd-46ddd2f73af3" />
      <TestMethod codeBase="D:/git_local/Beta Calculator/CalulatorUnitTests/bin/Debug/CalulatorUnitTests.DLL" adapterTypeName="Microsoft.VisualStudio.TestTools.TestTypes.Unit.UnitTestAdapter, Microsoft.VisualStudio.QualityTools.Tips.UnitTest.Adapter, Version=10.0.0.0, Culture=neutral, PublicKeyToken=b03f5f7f11d50a3a" className="CalulatorUnitTests.LogicTest, CalulatorUnitTests, Version=1.0.0.0, Culture=neutral, PublicKeyToken=null" name="SubstarctionTest" />
    </UnitTest>
    <UnitTest name="MultiplicationTest" storage="d:\git_local\beta calculator\calulatorunittests\bin\debug\calulatorunittests.dll" id="a3e73bfa-bb3f-03ea-6577-73cda75a3eb6">
      <Execution id="52cd66a3-3173-444a-a2e1-502b0d5b4110" />
      <TestMethod codeBase="D:/git_local/Beta Calculator/CalulatorUnitTests/bin/Debug/CalulatorUnitTests.DLL" adapterTypeName="Microsoft.VisualStudio.TestTools.TestTypes.Unit.UnitTestAdapter, Microsoft.VisualStudio.QualityTools.Tips.UnitTest.Adapter, Version=10.0.0.0, Culture=neutral, PublicKeyToken=b03f5f7f11d50a3a" className="CalulatorUnitTests.LogicTest, CalulatorUnitTests, Version=1.0.0.0, Culture=neutral, PublicKeyToken=null" name="MultiplicationTest" />
    </UnitTest>
    <UnitTest name="AdditionTest" storage="d:\git_local\beta calculator\calulatorunittests\bin\debug\calulatorunittests.dll" id="ef32a794-3341-06af-41e3-6d4bf242f136">
      <Execution id="84e121d0-8923-48ae-aa3e-2cf2ef56dd7d" />
      <TestMethod codeBase="D:/git_local/Beta Calculator/CalulatorUnitTests/bin/Debug/CalulatorUnitTests.DLL" adapterTypeName="Microsoft.VisualStudio.TestTools.TestTypes.Unit.UnitTestAdapter, Microsoft.VisualStudio.QualityTools.Tips.UnitTest.Adapter, Version=10.0.0.0, Culture=neutral, PublicKeyToken=b03f5f7f11d50a3a" className="CalulatorUnitTests.LogicTest, CalulatorUnitTests, Version=1.0.0.0, Culture=neutral, PublicKeyToken=null" name="AdditionTest" />
    </UnitTest>
    <UnitTest name="DivisionTest" storage="d:\git_local\beta calculator\calulatorunittests\bin\debug\calulatorunittests.dll" id="7355ead3-a3a1-487c-8c2d-2c8199d31321">
      <Execution id="2e7a41a6-cc05-431a-b36e-39fea60b7c21" />
      <TestMethod codeBase="D:/git_local/Beta Calculator/CalulatorUnitTests/bin/Debug/CalulatorUnitTests.DLL" adapterTypeName="Microsoft.VisualStudio.TestTools.TestTypes.Unit.UnitTestAdapter, Microsoft.VisualStudio.QualityTools.Tips.UnitTest.Adapter, Version=10.0.0.0, Culture=neutral, PublicKeyToken=b03f5f7f11d50a3a" className="CalulatorUnitTests.LogicTest, CalulatorUnitTests, Version=1.0.0.0, Culture=neutral, PublicKeyToken=null" name="DivisionTest" />
    </UnitTest>
  </TestDefinitions>
  <TestLists>
    <TestList name="Results Not in a List" id="8c84fa94-04c1-424b-9868-57a2d4851a1d" />
    <TestList name="All Loaded Results" id="19431567-8539-422a-85d7-44ee4e166bda" />
  </TestLists>
  <TestEntries>
    <TestEntry testId="7355ead3-a3a1-487c-8c2d-2c8199d31321" executionId="2e7a41a6-cc05-431a-b36e-39fea60b7c21" testListId="8c84fa94-04c1-424b-9868-57a2d4851a1d" />
    <TestEntry testId="a3e73bfa-bb3f-03ea-6577-73cda75a3eb6" executionId="52cd66a3-3173-444a-a2e1-502b0d5b4110" testListId="8c84fa94-04c1-424b-9868-57a2d4851a1d" />
    <TestEntry testId="c550d116-678b-7688-2618-a49f3a748523" executionId="8cf53d9b-92cc-471c-9cdd-46ddd2f73af3" testListId="8c84fa94-04c1-424b-9868-57a2d4851a1d" />
    <TestEntry testId="ef32a794-3341-06af-41e3-6d4bf242f136" executionId="84e121d0-8923-48ae-aa3e-2cf2ef56dd7d" testListId="8c84fa94-04c1-424b-9868-57a2d4851a1d" />
  </TestEntries>
  <Results>
    <UnitTestResult executionId="2e7a41a6-cc05-431a-b36e-39fea60b7c21" testId="7355ead3-a3a1-487c-8c2d-2c8199d31321" testName="DivisionTest" computerName="DESKTOP-6C9RJ26" duration="00:00:00.0447151" startTime="2015-10-31T02:33:42.0486991+05:30" endTime="2015-10-31T02:33:43.0175680+05:30" testType="13cdc9d9-ddb5-4fa4-a97d-d965ccfc6d4b" outcome="Passed" testListId="8c84fa94-04c1-424b-9868-57a2d4851a1d" relativeResultsDirectory="2e7a41a6-cc05-431a-b36e-39fea60b7c21">
    </UnitTestResult>
    <UnitTestResult executionId="52cd66a3-3173-444a-a2e1-502b0d5b4110" testId="a3e73bfa-bb3f-03ea-6577-73cda75a3eb6" testName="MultiplicationTest" computerName="DESKTOP-6C9RJ26" duration="00:00:00.0009107" startTime="2015-10-31T02:33:43.0265770+05:30" endTime="2015-10-31T02:33:43.0355846+05:30" testType="13cdc9d9-ddb5-4fa4-a97d-d965ccfc6d4b" outcome="Passed" testListId="8c84fa94-04c1-424b-9868-57a2d4851a1d" relativeResultsDirectory="52cd66a3-3173-444a-a2e1-502b0d5b4110">
    </UnitTestResult>
    <UnitTestResult executionId="8cf53d9b-92cc-471c-9cdd-46ddd2f73af3" testId="c550d116-678b-7688-2618-a49f3a748523" testName="SubstarctionTest" computerName="DESKTOP-6C9RJ26" duration="00:00:00.0006209" startTime="2015-10-31T02:33:43.0465940+05:30" endTime="2015-10-31T02:33:43.0526008+05:30" testType="13cdc9d9-ddb5-4fa4-a97d-d965ccfc6d4b" outcome="Passed" testListId="8c84fa94-04c1-424b-9868-57a2d4851a1d" relativeResultsDirectory="8cf53d9b-92cc-471c-9cdd-46ddd2f73af3">
    </UnitTestResult>
    <UnitTestResult executionId="84e121d0-8923-48ae-aa3e-2cf2ef56dd7d" testId="ef32a794-3341-06af-41e3-6d4bf242f136" testName="AdditionTest" computerName="DESKTOP-6C9RJ26" duration="00:00:00.3300035" startTime="2015-10-31T02:33:43.0616093+05:30" endTime="2015-10-31T02:33:43.3979081+05:30" testType="13cdc9d9-ddb5-4fa4-a97d-d965ccfc6d4b" outcome="Failed" testListId="8c84fa94-04c1-424b-9868-57a2d4851a1d" relativeResultsDirectory="84e121d0-8923-48ae-aa3e-2cf2ef56dd7d">
      <Output>
        <ErrorInfo>
          <Message>Assert.AreEqual failed. Expected:&lt;90&gt;. Actual:&lt;540&gt;. </Message>
          <StackTrace>   at CalulatorUnitTests.LogicTest.AdditionTest() in D:\git_local\Beta Calculator\CalulatorUnitTests\MathsTest.cs:line 84
</StackTrace>
        </ErrorInfo>
      </Output>
    </UnitTestResult>
  </Results>
</TestRun>