<?xml version="1.0" encoding="UTF-8"?>
<TestRun id="c65a2ab6-97da-4464-9c40-eae0547bdeb4" name="chira@DESKTOP-6C9RJ26 2015-10-31 02:34:57" runUser="DESKTOP-6C9RJ26\chira" xmlns="http://microsoft.com/schemas/VisualStudio/TeamTest/2010">
  <TestSettings name="Local" id="2f6c3318-f323-4fdd-bc70-bf1771bdc9ef">
    <Description>These are default test settings for a local test run.</Description>
    <Deployment enabled="false" runDeploymentRoot="chira_DESKTOP-6C9RJ26 2015-10-31 02_34_57">
      <DeploymentItem filename="D:\git_local\Beta Calculator\Calculator\bin\Debug\Calculator.exe" />
    </Deployment>
    <Execution>
      <TestTypeSpecific />
      <AgentRule name="Execution Agents">
      </AgentRule>
    </Execution>
  </TestSettings>
  <Times creation="2015-10-31T02:34:57.4316718+05:30" queuing="2015-10-31T02:34:57.5177494+05:30" start="2015-10-31T02:34:57.5347642+05:30" finish="2015-10-31T02:34:58.4239151+05:30" />
  <ResultSummary outcome="Completed">
    <Counters total="4" executed="4" passed="4" error="0" failed="0" timeout="0" aborted="0" inconclusive="0" passedButRunAborted="0" notRunnable="0" notExecuted="0" disconnected="0" warning="0" completed="0" inProgress="0" pending="0" />
  </ResultSummary>
  <TestDefinitions>
    <UnitTest name="SubstarctionTest" storage="d:\git_local\beta calculator\calulatorunittests\bin\debug\calulatorunittests.dll" id="c550d116-678b-7688-2618-a49f3a748523">
      <Execution id="e2806a5e-da50-4e89-a050-f3c372c03057" />
      <TestMethod codeBase="D:/git_local/Beta Calculator/CalulatorUnitTests/bin/Debug/CalulatorUnitTests.DLL" adapterTypeName="Microsoft.VisualStudio.TestTools.TestTypes.Unit.UnitTestAdapter, Microsoft.VisualStudio.QualityTools.Tips.UnitTest.Adapter, Version=10.0.0.0, Culture=neutral, PublicKeyToken=b03f5f7f11d50a3a" className="CalulatorUnitTests.LogicTest, CalulatorUnitTests, Version=1.0.0.0, Culture=neutral, PublicKeyToken=null" name="SubstarctionTest" />
    </UnitTest>
    <UnitTest name="MultiplicationTest" storage="d:\git_local\beta calculator\calulatorunittests\bin\debug\calulatorunittests.dll" id="a3e73bfa-bb3f-03ea-6577-73cda75a3eb6">
      <Execution id="f8ff6add-0b2e-4f2e-a497-acdcc194b866" />
      <TestMethod codeBase="D:/git_local/Beta Calculator/CalulatorUnitTests/bin/Debug/CalulatorUnitTests.DLL" adapterTypeName="Microsoft.VisualStudio.TestTools.TestTypes.Unit.UnitTestAdapter, Microsoft.VisualStudio.QualityTools.Tips.UnitTest.Adapter, Version=10.0.0.0, Culture=neutral, PublicKeyToken=b03f5f7f11d50a3a" className="CalulatorUnitTests.LogicTest, CalulatorUnitTests, Version=1.0.0.0, Culture=neutral, PublicKeyToken=null" name="MultiplicationTest" />
    </UnitTest>
    <UnitTest name="AdditionTest" storage="d:\git_local\beta calculator\calulatorunittests\bin\debug\calulatorunittests.dll" id="ef32a794-3341-06af-41e3-6d4bf242f136">
      <Execution id="0fb0cc5c-bfb9-48c8-acfd-9884d98680a0" />
      <TestMethod codeBase="D:/git_local/Beta Calculator/CalulatorUnitTests/bin/Debug/CalulatorUnitTests.DLL" adapterTypeName="Microsoft.VisualStudio.TestTools.TestTypes.Unit.UnitTestAdapter, Microsoft.VisualStudio.QualityTools.Tips.UnitTest.Adapter, Version=10.0.0.0, Culture=neutral, PublicKeyToken=b03f5f7f11d50a3a" className="CalulatorUnitTests.LogicTest, CalulatorUnitTests, Version=1.0.0.0, Culture=neutral, PublicKeyToken=null" name="AdditionTest" />
    </UnitTest>
    <UnitTest name="DivisionTest" storage="d:\git_local\beta calculator\calulatorunittests\bin\debug\calulatorunittests.dll" id="7355ead3-a3a1-487c-8c2d-2c8199d31321">
      <Execution id="47ede46a-9654-4ce8-ba90-1ef3cb9dcae8" />
      <TestMethod codeBase="D:/git_local/Beta Calculator/CalulatorUnitTests/bin/Debug/CalulatorUnitTests.DLL" adapterTypeName="Microsoft.VisualStudio.TestTools.TestTypes.Unit.UnitTestAdapter, Microsoft.VisualStudio.QualityTools.Tips.UnitTest.Adapter, Version=10.0.0.0, Culture=neutral, PublicKeyToken=b03f5f7f11d50a3a" className="CalulatorUnitTests.LogicTest, CalulatorUnitTests, Version=1.0.0.0, Culture=neutral, PublicKeyToken=null" name="DivisionTest" />
    </UnitTest>
  </TestDefinitions>
  <TestLists>
    <TestList name="Results Not in a List" id="8c84fa94-04c1-424b-9868-57a2d4851a1d" />
    <TestList name="All Loaded Results" id="19431567-8539-422a-85d7-44ee4e166bda" />
  </TestLists>
  <TestEntries>
    <TestEntry testId="7355ead3-a3a1-487c-8c2d-2c8199d31321" executionId="47ede46a-9654-4ce8-ba90-1ef3cb9dcae8" testListId="8c84fa94-04c1-424b-9868-57a2d4851a1d" />
    <TestEntry testId="a3e73bfa-bb3f-03ea-6577-73cda75a3eb6" executionId="f8ff6add-0b2e-4f2e-a497-acdcc194b866" testListId="8c84fa94-04c1-424b-9868-57a2d4851a1d" />
    <TestEntry testId="c550d116-678b-7688-2618-a49f3a748523" executionId="e2806a5e-da50-4e89-a050-f3c372c03057" testListId="8c84fa94-04c1-424b-9868-57a2d4851a1d" />
    <TestEntry testId="ef32a794-3341-06af-41e3-6d4bf242f136" executionId="0fb0cc5c-bfb9-48c8-acfd-9884d98680a0" testListId="8c84fa94-04c1-424b-9868-57a2d4851a1d" />
  </TestEntries>
  <Results>
    <UnitTestResult executionId="47ede46a-9654-4ce8-ba90-1ef3cb9dcae8" testId="7355ead3-a3a1-487c-8c2d-2c8199d31321" testName="DivisionTest" computerName="DESKTOP-6C9RJ26" duration="00:00:00.0412745" startTime="2015-10-31T02:34:57.5477768+05:30" endTime="2015-10-31T02:34:58.2784304+05:30" testType="13cdc9d9-ddb5-4fa4-a97d-d965ccfc6d4b" outcome="Passed" testListId="8c84fa94-04c1-424b-9868-57a2d4851a1d" relativeResultsDirectory="47ede46a-9654-4ce8-ba90-1ef3cb9dcae8">
    </UnitTestResult>
    <UnitTestResult executionId="f8ff6add-0b2e-4f2e-a497-acdcc194b866" testId="a3e73bfa-bb3f-03ea-6577-73cda75a3eb6" testName="MultiplicationTest" computerName="DESKTOP-6C9RJ26" duration="00:00:00.0008949" startTime="2015-10-31T02:34:58.2894411+05:30" endTime="2015-10-31T02:34:58.2984483+05:30" testType="13cdc9d9-ddb5-4fa4-a97d-d965ccfc6d4b" outcome="Passed" testListId="8c84fa94-04c1-424b-9868-57a2d4851a1d" relativeResultsDirectory="f8ff6add-0b2e-4f2e-a497-acdcc194b866">
    </UnitTestResult>
    <UnitTestResult executionId="e2806a5e-da50-4e89-a050-f3c372c03057" testId="c550d116-678b-7688-2618-a49f3a748523" testName="SubstarctionTest" computerName="DESKTOP-6C9RJ26" duration="00:00:00.0006358" startTime="2015-10-31T02:34:58.3094595+05:30" endTime="2015-10-31T02:34:58.3144618+05:30" testType="13cdc9d9-ddb5-4fa4-a97d-d965ccfc6d4b" outcome="Passed" testListId="8c84fa94-04c1-424b-9868-57a2d4851a1d" relativeResultsDirectory="e2806a5e-da50-4e89-a050-f3c372c03057">
    </UnitTestResult>
    <UnitTestResult executionId="0fb0cc5c-bfb9-48c8-acfd-9884d98680a0" testId="ef32a794-3341-06af-41e3-6d4bf242f136" testName="AdditionTest" computerName="DESKTOP-6C9RJ26" duration="00:00:00.0008908" startTime="2015-10-31T02:34:58.3229368+05:30" endTime="2015-10-31T02:34:58.3308303+05:30" testType="13cdc9d9-ddb5-4fa4-a97d-d965ccfc6d4b" outcome="Passed" testListId="8c84fa94-04c1-424b-9868-57a2d4851a1d" relativeResultsDirectory="0fb0cc5c-bfb9-48c8-acfd-9884d98680a0">
    </UnitTestResult>
  </Results>
</TestRun>